C:\USERS\TENG\WORKING\CAMERA_SELECT_CARD\CAMERA_SELECT_CARD\RELEASE\CAMERA_SELECT_CARD.EXE.INTERMEDIATE.MANIFEST
C:\USERS\TENG\WORKING\CAMERA_SELECT_CARD\CAMERA_SELECT_CARD\RELEASE\CAMERA_SELECT_CARD.OBJ
C:\USERS\TENG\WORKING\CAMERA_SELECT_CARD\CAMERA_SELECT_CARD\RELEASE\CAMERA_SELECT_CARD.PCH
C:\USERS\TENG\WORKING\CAMERA_SELECT_CARD\CAMERA_SELECT_CARD\RELEASE\CAMERA_SELECT_CARD.RES
C:\Users\teng\working\Camera_Select_Card\Camera_Select_Card\Release\Camera_Select_Card.vcxprojResolveAssemblyReference.cache
C:\Users\teng\working\Camera_Select_Card\Camera_Select_Card\Release\Camera_Select_Card.write.1.tlog
C:\USERS\TENG\WORKING\CAMERA_SELECT_CARD\CAMERA_SELECT_CARD\RELEASE\CAMERA_SELECT_CARDDLG.OBJ
C:\Users\teng\working\Camera_Select_Card\Camera_Select_Card\Release\cl.command.1.tlog
C:\Users\teng\working\Camera_Select_Card\Camera_Select_Card\Release\CL.read.1.tlog
C:\Users\teng\working\Camera_Select_Card\Camera_Select_Card\Release\CL.write.1.tlog
C:\USERS\TENG\WORKING\CAMERA_SELECT_CARD\CAMERA_SELECT_CARD\RELEASE\COMM.OBJ
C:\Users\teng\working\Camera_Select_Card\Camera_Select_Card\Release\link.command.1.tlog
C:\Users\teng\working\Camera_Select_Card\Camera_Select_Card\Release\link.read.1.tlog
C:\Users\teng\working\Camera_Select_Card\Camera_Select_Card\Release\link.write.1.tlog
C:\Users\teng\working\Camera_Select_Card\Camera_Select_Card\Release\link-cvtres.read.1.tlog
C:\Users\teng\working\Camera_Select_Card\Camera_Select_Card\Release\link-cvtres.write.1.tlog
C:\USERS\TENG\WORKING\CAMERA_SELECT_CARD\CAMERA_SELECT_CARD\RELEASE\MATSHOWANDJPG2MAT.OBJ
C:\Users\teng\working\Camera_Select_Card\Camera_Select_Card\Release\mt.command.1.tlog
C:\Users\teng\working\Camera_Select_Card\Camera_Select_Card\Release\mt.read.1.tlog
C:\Users\teng\working\Camera_Select_Card\Camera_Select_Card\Release\mt.write.1.tlog
C:\USERS\TENG\WORKING\CAMERA_SELECT_CARD\CAMERA_SELECT_CARD\RELEASE\OPERDOBOT.OBJ
C:\USERS\TENG\WORKING\CAMERA_SELECT_CARD\CAMERA_SELECT_CARD\RELEASE\OPERDOBOT2.OBJ
C:\Users\teng\working\Camera_Select_Card\Camera_Select_Card\Release\rc.command.1.tlog
C:\Users\teng\working\Camera_Select_Card\Camera_Select_Card\Release\rc.read.1.tlog
C:\Users\teng\working\Camera_Select_Card\Camera_Select_Card\Release\rc.write.1.tlog
C:\USERS\TENG\WORKING\CAMERA_SELECT_CARD\CAMERA_SELECT_CARD\RELEASE\STDAFX.OBJ
C:\USERS\TENG\WORKING\CAMERA_SELECT_CARD\CAMERA_SELECT_CARD\RELEASE\VC100.PDB
C:\USERS\TENG\WORKING\CAMERA_SELECT_CARD\RELEASE\CAMERA_SELECT_CARD.EXE
C:\USERS\TENG\WORKING\CAMERA_SELECT_CARD\RELEASE\CAMERA_SELECT_CARD.PDB
