生成启动时间为 2017/6/2 14:35:54。
     1>项目“C:\Users\teng\working\Camera_Select_Card\Camera_Select_Card\Camera_Select_Card.vcxproj”在节点 2 上(build 个目标)。
     1>InitializeBuildStatus:
         正在创建“Release\Camera_Select_Card.unsuccessfulbuild”，因为已指定“AlwaysCreate”。
       ClCompile:
         所有输出均为最新。
         C:\Program Files (x86)\Microsoft Visual Studio 10.0\VC\bin\CL.exe /c /Zi /nologo /W3 /WX- /O2 /Oi /Oy- /GL /D WIN32 /D _WINDOWS /D NDEBUG /D _MBCS /D _AFXDLL /Gm- /EHsc /MD /GS /Gy /fp:precise /Zc:wchar_t /Zc:forScope /Yu"StdAfx.h" /Fp"Release\Camera_Select_Card.pch" /Fo"Release\\" /Fd"Release\vc100.pdb" /Gd /TP /analyze- /errorReport:prompt Camera_Select_CardDlg.cpp
         Camera_Select_CardDlg.cpp
     1>c:\users\teng\working\opencv\tags\2.4.0\build\install\include\opencv2\flann\logger.h(66): warning C4996: 'fopen': This function or variable may be unsafe. Consider using fopen_s instead. To disable deprecation, use _CRT_SECURE_NO_WARNINGS. See online help for details.
                 C:\Program Files (x86)\Microsoft Visual Studio 10.0\VC\include\stdio.h(234) : 参见“fopen”的声明
     1>Camera_Select_CardDlg.cpp(467): warning C4244: “=”: 从“double”转换到“float”，可能丢失数据
     1>Camera_Select_CardDlg.cpp(468): warning C4244: “=”: 从“double”转换到“float”，可能丢失数据
     1>Camera_Select_CardDlg.cpp(569): warning C4305: “-=”: 从“double”到“float”截断
     1>Camera_Select_CardDlg.cpp(571): warning C4305: “-=”: 从“double”到“float”截断
     1>Camera_Select_CardDlg.cpp(573): warning C4305: “-=”: 从“double”到“float”截断
     1>Camera_Select_CardDlg.cpp(575): warning C4305: “-=”: 从“double”到“float”截断
     1>Camera_Select_CardDlg.cpp(578): warning C4305: “+=”: 从“double”到“float”截断
     1>Camera_Select_CardDlg.cpp(580): warning C4305: “+=”: 从“double”到“float”截断
     1>Camera_Select_CardDlg.cpp(582): warning C4305: “+=”: 从“double”到“float”截断
     1>Camera_Select_CardDlg.cpp(584): warning C4305: “+=”: 从“double”到“float”截断
     1>Camera_Select_CardDlg.cpp(588): warning C4305: “+=”: 从“double”到“float”截断
     1>Camera_Select_CardDlg.cpp(590): warning C4305: “+=”: 从“double”到“float”截断
     1>Camera_Select_CardDlg.cpp(592): warning C4305: “+=”: 从“double”到“float”截断
     1>Camera_Select_CardDlg.cpp(594): warning C4305: “+=”: 从“double”到“float”截断
     1>Camera_Select_CardDlg.cpp(598): warning C4305: “-=”: 从“double”到“float”截断
     1>Camera_Select_CardDlg.cpp(600): warning C4305: “-=”: 从“double”到“float”截断
     1>Camera_Select_CardDlg.cpp(602): warning C4305: “-=”: 从“double”到“float”截断
     1>Camera_Select_CardDlg.cpp(886): warning C4996: 'sprintf': This function or variable may be unsafe. Consider using sprintf_s instead. To disable deprecation, use _CRT_SECURE_NO_WARNINGS. See online help for details.
                 C:\Program Files (x86)\Microsoft Visual Studio 10.0\VC\include\stdio.h(371) : 参见“sprintf”的声明
     1>Camera_Select_CardDlg.cpp(900): warning C4996: 'sprintf': This function or variable may be unsafe. Consider using sprintf_s instead. To disable deprecation, use _CRT_SECURE_NO_WARNINGS. See online help for details.
                 C:\Program Files (x86)\Microsoft Visual Studio 10.0\VC\include\stdio.h(371) : 参见“sprintf”的声明
     1>Camera_Select_CardDlg.cpp(903): warning C4996: 'sprintf': This function or variable may be unsafe. Consider using sprintf_s instead. To disable deprecation, use _CRT_SECURE_NO_WARNINGS. See online help for details.
                 C:\Program Files (x86)\Microsoft Visual Studio 10.0\VC\include\stdio.h(371) : 参见“sprintf”的声明
     1>Camera_Select_CardDlg.cpp(906): warning C4996: 'sprintf': This function or variable may be unsafe. Consider using sprintf_s instead. To disable deprecation, use _CRT_SECURE_NO_WARNINGS. See online help for details.
                 C:\Program Files (x86)\Microsoft Visual Studio 10.0\VC\include\stdio.h(371) : 参见“sprintf”的声明
     1>Camera_Select_CardDlg.cpp(930): warning C4244: “=”: 从“double”转换到“float”，可能丢失数据
     1>Camera_Select_CardDlg.cpp(935): warning C4244: “=”: 从“double”转换到“float”，可能丢失数据
     1>Camera_Select_CardDlg.cpp(940): warning C4244: “=”: 从“double”转换到“float”，可能丢失数据
     1>Camera_Select_CardDlg.cpp(951): warning C4244: “=”: 从“double”转换到“float”，可能丢失数据
     1>Camera_Select_CardDlg.cpp(956): warning C4244: “=”: 从“double”转换到“float”，可能丢失数据
     1>Camera_Select_CardDlg.cpp(961): warning C4244: “=”: 从“double”转换到“float”，可能丢失数据
     1>Camera_Select_CardDlg.cpp(970): warning C4244: “=”: 从“double”转换到“float”，可能丢失数据
     1>Camera_Select_CardDlg.cpp(974): warning C4244: “=”: 从“double”转换到“float”，可能丢失数据
     1>Camera_Select_CardDlg.cpp(979): warning C4244: “=”: 从“double”转换到“float”，可能丢失数据
       ResourceCompile:
         所有输出均为最新。
       Link:
         C:\Program Files (x86)\Microsoft Visual Studio 10.0\VC\bin\link.exe /ERRORREPORT:PROMPT /OUT:"C:\Users\teng\working\Camera_Select_Card\Release\Camera_Select_Card.exe" /INCREMENTAL:NO /NOLOGO opencv_calib3d240.lib opencv_contrib240.lib opencv_core240.lib opencv_features2d240.lib opencv_flann240.lib opencv_gpu240.lib opencv_highgui240.lib opencv_imgproc240.lib opencv_legacy240.lib opencv_ml240.lib opencv_objdetect240.lib opencv_ts240.lib opencv_video240.lib libjpeg.lib /NODEFAULTLIB:LIBCMTD.lib /MANIFEST /ManifestFile:"Release\Camera_Select_Card.exe.intermediate.manifest" /MANIFESTUAC:"level='asInvoker' uiAccess='false'" /DEBUG /PDB:"C:\Users\teng\working\Camera_Select_Card\Release\Camera_Select_Card.pdb" /SUBSYSTEM:WINDOWS /OPT:REF /OPT:ICF /LTCG /TLBID:1 /DYNAMICBASE /NXCOMPAT /IMPLIB:"C:\Users\teng\working\Camera_Select_Card\Release\Camera_Select_Card.lib" /MACHINE:X86 Release\Camera_Select_Card.res
         Release\Camera_Select_Card.obj
         Release\Camera_Select_CardDlg.obj
         Release\Comm.obj
         Release\MatShowAndJPG2Mat.obj
         Release\OperDobot.obj
         Release\OperDobot2.obj
         Release\stdafx.obj
         正在生成代码
         已完成代码的生成
         Camera_Select_Card.vcxproj -> C:\Users\teng\working\Camera_Select_Card\Release\Camera_Select_Card.exe
       Manifest:
         C:\Program Files (x86)\Microsoft SDKs\Windows\v7.0A\bin\mt.exe /nologo /verbose /outputresource:"C:\Users\teng\working\Camera_Select_Card\Release\Camera_Select_Card.exe;#1" /manifest Release\Camera_Select_Card.exe.intermediate.manifest "C:\Program Files (x86)\Microsoft Visual Studio 10.0\VC\Include\Manifest\dpiaware.manifest"
       FinalizeBuildStatus:
         正在删除文件“Release\Camera_Select_Card.unsuccessfulbuild”。
         正在对“Release\Camera_Select_Card.lastbuildstate”执行 Touch 任务。
     1>已完成生成项目“C:\Users\teng\working\Camera_Select_Card\Camera_Select_Card\Camera_Select_Card.vcxproj”(build 个目标)的操作。

生成成功。

已用时间 00:00:02.57
