生成启动时间为 2017/5/31 10:11:08。
     1>项目“C:\Users\teng\working\Camera_Select_Card\Camera_Select_Card\Camera_Select_Card.vcxproj”在节点 2 上(build 个目标)。
     1>InitializeBuildStatus:
         正在创建“Debug\Camera_Select_Card.unsuccessfulbuild”，因为已指定“AlwaysCreate”。
       ClCompile:
         所有输出均为最新。
         C:\Program Files (x86)\Microsoft Visual Studio 10.0\VC\bin\CL.exe /c /ZI /nologo /W3 /WX- /Od /Oy- /D WIN32 /D _WINDOWS /D _DEBUG /D _MBCS /D _AFXDLL /Gm /EHsc /RTC1 /MDd /GS /fp:precise /Zc:wchar_t /Zc:forScope /Yu"StdAfx.h" /Fp"Debug\Camera_Select_Card.pch" /Fo"Debug\\" /Fd"Debug\vc100.pdb" /Gd /TP /analyze- /errorReport:prompt Camera_Select_CardDlg.cpp
         Camera_Select_CardDlg.cpp
     1>c:\users\teng\working\opencv\tags\2.4.0\build\install\include\opencv2\flann\logger.h(66): warning C4996: 'fopen': This function or variable may be unsafe. Consider using fopen_s instead. To disable deprecation, use _CRT_SECURE_NO_WARNINGS. See online help for details.
                 c:\program files (x86)\microsoft visual studio 10.0\vc\include\stdio.h(234) : 参见“fopen”的声明
     1>c:\users\teng\working\camera_select_card\camera_select_card\camera_select_carddlg.cpp(471): warning C4244: “=”: 从“double”转换到“float”，可能丢失数据
     1>c:\users\teng\working\camera_select_card\camera_select_card\camera_select_carddlg.cpp(472): warning C4244: “=”: 从“double”转换到“float”，可能丢失数据
     1>c:\users\teng\working\camera_select_card\camera_select_card\camera_select_carddlg.cpp(573): warning C4305: “-=”: 从“double”到“float”截断
     1>c:\users\teng\working\camera_select_card\camera_select_card\camera_select_carddlg.cpp(575): warning C4305: “-=”: 从“double”到“float”截断
     1>c:\users\teng\working\camera_select_card\camera_select_card\camera_select_carddlg.cpp(577): warning C4305: “-=”: 从“double”到“float”截断
     1>c:\users\teng\working\camera_select_card\camera_select_card\camera_select_carddlg.cpp(579): warning C4305: “-=”: 从“double”到“float”截断
     1>c:\users\teng\working\camera_select_card\camera_select_card\camera_select_carddlg.cpp(582): warning C4305: “+=”: 从“double”到“float”截断
     1>c:\users\teng\working\camera_select_card\camera_select_card\camera_select_carddlg.cpp(584): warning C4305: “+=”: 从“double”到“float”截断
     1>c:\users\teng\working\camera_select_card\camera_select_card\camera_select_carddlg.cpp(586): warning C4305: “+=”: 从“double”到“float”截断
     1>c:\users\teng\working\camera_select_card\camera_select_card\camera_select_carddlg.cpp(588): warning C4305: “+=”: 从“double”到“float”截断
     1>c:\users\teng\working\camera_select_card\camera_select_card\camera_select_carddlg.cpp(592): warning C4305: “+=”: 从“double”到“float”截断
     1>c:\users\teng\working\camera_select_card\camera_select_card\camera_select_carddlg.cpp(594): warning C4305: “+=”: 从“double”到“float”截断
     1>c:\users\teng\working\camera_select_card\camera_select_card\camera_select_carddlg.cpp(596): warning C4305: “+=”: 从“double”到“float”截断
     1>c:\users\teng\working\camera_select_card\camera_select_card\camera_select_carddlg.cpp(598): warning C4305: “+=”: 从“double”到“float”截断
     1>c:\users\teng\working\camera_select_card\camera_select_card\camera_select_carddlg.cpp(602): warning C4305: “-=”: 从“double”到“float”截断
     1>c:\users\teng\working\camera_select_card\camera_select_card\camera_select_carddlg.cpp(604): warning C4305: “-=”: 从“double”到“float”截断
     1>c:\users\teng\working\camera_select_card\camera_select_card\camera_select_carddlg.cpp(606): warning C4305: “-=”: 从“double”到“float”截断
     1>c:\users\teng\working\camera_select_card\camera_select_card\camera_select_carddlg.cpp(890): warning C4996: 'sprintf': This function or variable may be unsafe. Consider using sprintf_s instead. To disable deprecation, use _CRT_SECURE_NO_WARNINGS. See online help for details.
                 c:\program files (x86)\microsoft visual studio 10.0\vc\include\stdio.h(371) : 参见“sprintf”的声明
     1>c:\users\teng\working\camera_select_card\camera_select_card\camera_select_carddlg.cpp(904): warning C4996: 'sprintf': This function or variable may be unsafe. Consider using sprintf_s instead. To disable deprecation, use _CRT_SECURE_NO_WARNINGS. See online help for details.
                 c:\program files (x86)\microsoft visual studio 10.0\vc\include\stdio.h(371) : 参见“sprintf”的声明
     1>c:\users\teng\working\camera_select_card\camera_select_card\camera_select_carddlg.cpp(907): warning C4996: 'sprintf': This function or variable may be unsafe. Consider using sprintf_s instead. To disable deprecation, use _CRT_SECURE_NO_WARNINGS. See online help for details.
                 c:\program files (x86)\microsoft visual studio 10.0\vc\include\stdio.h(371) : 参见“sprintf”的声明
     1>c:\users\teng\working\camera_select_card\camera_select_card\camera_select_carddlg.cpp(910): warning C4996: 'sprintf': This function or variable may be unsafe. Consider using sprintf_s instead. To disable deprecation, use _CRT_SECURE_NO_WARNINGS. See online help for details.
                 c:\program files (x86)\microsoft visual studio 10.0\vc\include\stdio.h(371) : 参见“sprintf”的声明
     1>c:\users\teng\working\camera_select_card\camera_select_card\camera_select_carddlg.cpp(934): warning C4244: “=”: 从“double”转换到“float”，可能丢失数据
     1>c:\users\teng\working\camera_select_card\camera_select_card\camera_select_carddlg.cpp(939): warning C4244: “=”: 从“double”转换到“float”，可能丢失数据
     1>c:\users\teng\working\camera_select_card\camera_select_card\camera_select_carddlg.cpp(944): warning C4244: “=”: 从“double”转换到“float”，可能丢失数据
     1>c:\users\teng\working\camera_select_card\camera_select_card\camera_select_carddlg.cpp(955): warning C4244: “=”: 从“double”转换到“float”，可能丢失数据
     1>c:\users\teng\working\camera_select_card\camera_select_card\camera_select_carddlg.cpp(960): warning C4244: “=”: 从“double”转换到“float”，可能丢失数据
     1>c:\users\teng\working\camera_select_card\camera_select_card\camera_select_carddlg.cpp(965): warning C4244: “=”: 从“double”转换到“float”，可能丢失数据
     1>c:\users\teng\working\camera_select_card\camera_select_card\camera_select_carddlg.cpp(974): warning C4244: “=”: 从“double”转换到“float”，可能丢失数据
     1>c:\users\teng\working\camera_select_card\camera_select_card\camera_select_carddlg.cpp(978): warning C4244: “=”: 从“double”转换到“float”，可能丢失数据
     1>c:\users\teng\working\camera_select_card\camera_select_card\camera_select_carddlg.cpp(983): warning C4244: “=”: 从“double”转换到“float”，可能丢失数据
       ResourceCompile:
         所有输出均为最新。
       ManifestResourceCompile:
         所有输出均为最新。
       Link:
         C:\Program Files (x86)\Microsoft Visual Studio 10.0\VC\bin\link.exe /ERRORREPORT:PROMPT /OUT:"C:\Users\teng\working\Camera_Select_Card\Debug\Camera_Select_Card.exe" /INCREMENTAL /NOLOGO opencv_calib3d240d.lib opencv_contrib240d.lib opencv_core240d.lib opencv_features2d240d.lib opencv_flann240d.lib opencv_gpu240d.lib opencv_highgui240d.lib opencv_imgproc240d.lib opencv_legacy240d.lib opencv_ml240d.lib opencv_objdetect240d.lib opencv_ts240d.lib opencv_video240d.lib libjpeg.lib /NODEFAULTLIB:LIBCMTD.lib /MANIFEST /ManifestFile:"Debug\Camera_Select_Card.exe.intermediate.manifest" /MANIFESTUAC:"level='asInvoker' uiAccess='false'" /DEBUG /PDB:"C:\Users\teng\working\Camera_Select_Card\Debug\Camera_Select_Card.pdb" /SUBSYSTEM:WINDOWS /TLBID:1 /DYNAMICBASE /NXCOMPAT /IMPLIB:"C:\Users\teng\working\Camera_Select_Card\Debug\Camera_Select_Card.lib" /MACHINE:X86 Debug\Camera_Select_Card.res
         Debug\Camera_Select_Card.exe.embed.manifest.res
         Debug\Camera_Select_Card.obj
         Debug\Camera_Select_CardDlg.obj
         Debug\Comm.obj
         Debug\MatShowAndJPG2Mat.obj
         Debug\OperDobot.obj
         Debug\OperDobot2.obj
         Debug\stdafx.obj
       Manifest:
         C:\Program Files (x86)\Microsoft SDKs\Windows\v7.0A\bin\mt.exe /nologo /verbose /out:"Debug\Camera_Select_Card.exe.embed.manifest" /manifest Debug\Camera_Select_Card.exe.intermediate.manifest "C:\Program Files (x86)\Microsoft Visual Studio 10.0\VC\Include\Manifest\dpiaware.manifest"
         所有输出均为最新。
       LinkEmbedManifest:
         所有输出均为最新。
         Camera_Select_Card.vcxproj -> C:\Users\teng\working\Camera_Select_Card\Debug\Camera_Select_Card.exe
       FinalizeBuildStatus:
         正在删除文件“Debug\Camera_Select_Card.unsuccessfulbuild”。
         正在对“Debug\Camera_Select_Card.lastbuildstate”执行 Touch 任务。
     1>已完成生成项目“C:\Users\teng\working\Camera_Select_Card\Camera_Select_Card\Camera_Select_Card.vcxproj”(build 个目标)的操作。

生成成功。

已用时间 00:00:01.88
